# JRE version: OpenJDK Runtime Environment (15.0.2+7) (build 15.0.2+7-27)
# Java VM: OpenJDK 64-Bit Server VM (15.0.2+7-27, mixed mode, tiered, compressed oops, g1 gc, windows-amd64)
GC Precious Log:
 CPUs: 4 total, 4 available
 Memory: 6301M
 Large Page Support: Disabled
 NUMA Support: Disabled
 Compressed Oops: Enabled (32-bit)
 Heap Region Size: 1M
 Heap Min Capacity: 8M
 Heap Initial Capacity: 100M
 Heap Max Capacity: 1576M
 Pre-touch: Disabled
 Parallel Workers: 4
 Concurrent Workers: 1
 Concurrent Refinement Workers: 4
 Periodic GC: Disabled
Heap:
 garbage-first heap   total 45056K, used 13112K [0x000000009d800000, 0x0000000100000000)
  region size 1024K, 2 young (2048K), 2 survivors (2048K)
 Metaspace       used 28529K, capacity 28779K, committed 28800K, reserved 1087488K
  class space    used 3054K, capacity 3182K, committed 3200K, reserved 1048576K
GC Heap History (12 events):
Event: 0.641 GC heap before
{Heap before GC invocations=0 (full 0):
 garbage-first heap   total 102400K, used 13312K [0x000000009d800000, 0x0000000100000000)
  region size 1024K, 13 young (13312K), 0 survivors (0K)
 Metaspace       used 7147K, capacity 7308K, committed 7424K, reserved 1056768K
  class space    used 601K, capacity 664K, committed 768K, reserved 1048576K
}
Event: 0.645 GC heap after
{Heap after GC invocations=1 (full 0):
 garbage-first heap   total 102400K, used 5296K [0x000000009d800000, 0x0000000100000000)
  region size 1024K, 2 young (2048K), 2 survivors (2048K)
 Metaspace       used 7147K, capacity 7308K, committed 7424K, reserved 1056768K
  class space    used 601K, capacity 664K, committed 768K, reserved 1048576K
}
Event: 1.654 GC heap before
{Heap before GC invocations=1 (full 0):
 garbage-first heap   total 102400K, used 18608K [0x000000009d800000, 0x0000000100000000)
  region size 1024K, 15 young (15360K), 2 survivors (2048K)
 Metaspace       used 13927K, capacity 14146K, committed 14208K, reserved 1062912K
  class space    used 1312K, capacity 1404K, committed 1408K, reserved 1048576K
}
Event: 1.659 GC heap after
{Heap after GC invocations=2 (full 0):
 garbage-first heap   total 102400K, used 7053K [0x000000009d800000, 0x0000000100000000)
  region size 1024K, 2 young (2048K), 2 survivors (2048K)
 Metaspace       used 13927K, capacity 14146K, committed 14208K, reserved 1062912K
  class space    used 1312K, capacity 1404K, committed 1408K, reserved 1048576K
}
Event: 2.254 GC heap before
{Heap before GC invocations=2 (full 0):
 garbage-first heap   total 102400K, used 27533K [0x000000009d800000, 0x0000000100000000)
  region size 1024K, 23 young (23552K), 2 survivors (2048K)
 Metaspace       used 17122K, capacity 17326K, committed 17664K, reserved 1064960K
  class space    used 1618K, capacity 1695K, committed 1792K, reserved 1048576K
}
Event: 2.265 GC heap after
{Heap after GC invocations=3 (full 0):
 garbage-first heap   total 102400K, used 10372K [0x000000009d800000, 0x0000000100000000)
  region size 1024K, 3 young (3072K), 3 survivors (3072K)
 Metaspace       used 17122K, capacity 17326K, committed 17664K, reserved 1064960K
  class space    used 1618K, capacity 1695K, committed 1792K, reserved 1048576K
}
Event: 2.442 GC heap before
{Heap before GC invocations=3 (full 0):
 garbage-first heap   total 102400K, used 14468K [0x000000009d800000, 0x0000000100000000)
  region size 1024K, 9 young (9216K), 3 survivors (3072K)
 Metaspace       used 19458K, capacity 19630K, committed 19712K, reserved 1073152K
  class space    used 1926K, capacity 2015K, committed 2048K, reserved 1048576K
}
Event: 2.450 GC heap after
{Heap after GC invocations=4 (full 0):
 garbage-first heap   total 102400K, used 11297K [0x000000009d800000, 0x0000000100000000)
  region size 1024K, 4 young (4096K), 4 survivors (4096K)
 Metaspace       used 19458K, capacity 19630K, committed 19712K, reserved 1073152K
  class space    used 1926K, capacity 2015K, committed 2048K, reserved 1048576K
}
Event: 11.745 GC heap before
{Heap before GC invocations=5 (full 0):
 garbage-first heap   total 45056K, used 33825K [0x000000009d800000, 0x0000000100000000)
  region size 1024K, 26 young (26624K), 4 survivors (4096K)
 Metaspace       used 25965K, capacity 26268K, committed 26496K, reserved 1077248K
  class space    used 2783K, capacity 2902K, committed 2944K, reserved 1048576K
}
Event: 11.755 GC heap after
{Heap after GC invocations=6 (full 0):
 garbage-first heap   total 45056K, used 12357K [0x000000009d800000, 0x0000000100000000)
  region size 1024K, 2 young (2048K), 2 survivors (2048K)
 Metaspace       used 25965K, capacity 26268K, committed 26496K, reserved 1077248K
  class space    used 2783K, capacity 2902K, committed 2944K, reserved 1048576K
}
Event: 25.213 GC heap before
{Heap before GC invocations=6 (full 0):
 garbage-first heap   total 45056K, used 19525K [0x000000009d800000, 0x0000000100000000)
  region size 1024K, 10 young (10240K), 2 survivors (2048K)
 Metaspace       used 28529K, capacity 28779K, committed 28800K, reserved 1085440K
  class space    used 3054K, capacity 3182K, committed 3200K, reserved 1048576K
}
Event: 25.217 GC heap after
{Heap after GC invocations=7 (full 0):
 garbage-first heap   total 45056K, used 13112K [0x000000009d800000, 0x0000000100000000)
  region size 1024K, 2 young (2048K), 2 survivors (2048K)
 Metaspace       used 28529K, capacity 28779K, committed 28800K, reserved 1085440K
  class space    used 3054K, capacity 3182K, committed 3200K, reserved 1048576K
}

